http://192.168.1.1/cgi-bin/ajax?ajaxmethod=show_device_info
{
  "sessionid": "1DjJnk5p",
  "session_valid": 1,
  "wifi_enable": 1,
  "wifi_5g_enable": 1,
  "voice_port_num": 1,
  "ServerType": "1",
  "lan_port_num": 4,
  "lan_port_10g_num": 0,
  "usb_port_num": 2,
  "wifi_num_all": 8,
  "area_code": "Trunk",
  "operator_name": "PLE_PALTEL",
  "awifi_switch": "",
  "awifi_type": "",
  "wifi_cap": "1",
  "wifi5_cap": "1",
  "fttr_type": "",
  "devicetype": 1,
  "catv_num": 0,
  "onu_type": 0,
  "wifi_5g_index": 5,
  "ModelName": "HG6145F",
  "SoftwareVersion": "RP4552",
  "pon_mode": "1",
  "multiAp_flag": "1",
  "UI_Flag": "0",
  "iot_flag": "1"
}

-----

http://192.168.1.1/cgi-bin/ajax?ajaxmethod=get_operator
{
  "sessionid": "1DjJnk5p",
  "session_valid": 1,
  "SerialNumber": "FHTT9BDEA7C0",
  "operator_name": "PLE_PALTEL",
  "operators_code": "INTL",
  "area_code": "Trunk",
  "UI_Flag": "0",
  "pldt_logo_flag": "0"
}

-----

http://192.168.1.1/cgi-bin/ajax?ajaxmethod=get_multiAP_enable
{
  "sessionid": "1DjJnk5p",
  "session_valid": 1,
  "multiAP_enable": {
    "Enable": "1",
    "AutoCfgBackhaul": "0",
    "Mode": "3",
    "Roaming_Param": "roam_tbss:-62 1 10 36 0x1 0;bounce:120 2 300;roam_weak:1000 -65 3 50 20 0x4;",
    "multiAp_flag": "1",
    "new_topo": "1"
  }
}

-----

http://192.168.1.1/cgi-bin/ajax?ajaxmethod=get_bandSteering_wlan
{
  "sessionid": "1DjJnk5p",
  "session_valid": 1,
  "bandSteering": {
    "X_FH_BandSteeringEnable": "0",
    "SSID": "Kattans",
    "BeaconType": "11i",
    "BasicAuthenticationMode": "",
    "BasicEncryptionModes": "None",
    "WPAEncryptionModes": "AESEncryption",
    "PreSharedKey": "EB647E5AB0DB4E4D5FF1C2A573426CFF",
    "X_FH_RSSIThreshold_2G": "-40",
    "X_FH_RSSIThreshold_5G": "-70",
    "X_FH_WPARekeyInterval": "86400",
    "X_FH_SSIDHide": "1",
    "ServiceIp": "0_point_0_point_0_point_0",
    "Port": "0",
    "Key": "ABCD2925987836DC561BE6DC36230C0A",
    "isolation_enable": "0"
  }
}

-----

http://192.168.1.1/cgi-bin/ajax?ajaxmethod=get_base_info
{
  "sessionid": "1DjJnk5p",
  "session_valid": 1,
  "build_version": "01",
  "os_version": "Linux (none) 4.1.52 armv7l GNU/Linux",
  "compile_time": "#1 SMP PREEMPT Tue May 13 01:58:08 CST 2025",
  "lan_port_num": 4,
  "usb_port_num": 2,
  "voice_port_num": 1,
  "wifi_device": 1,
  "onu_type": 0,
  "web_port": "80",
  "https_web_port": "443",
  "uptime": "6713483",
  "brmac": "68:58:11:DE:A7:C0",
  "tr069_mac": "68:58:11:DE:A7:C1",
  "ponmode": "1",
  "informstatus": "8",
  "connectionrequeststatus": "1",
  "tr069ipstatus": "1",
  "handlestatus": "0",
  "uplink_mode": "dev.pon.1",
  "Lan4_status": "NoLink",
  "onu_id": "16",
  "lan_status_1": "NoLink",
  "lan_status_2": "Up",
  "lan_status_3": "NoLink",
  "lan_status_4": "NoLink",
  "HardwareVersion": "WKE2.094.373A01",
  "SoftwareVersion": "RP4552",
  "Manufacturer": "FiberHome",
  "ManufacturerOUI": "000AC2",
  "ModelName": "HG6145F",
  "usb_status": "inactive",
  "cpu_usage": "29",
  "mem_total": "524288",
  "mem_free": "356084",
  "flash_usage": "77",
  "loid_name": "fiberhome",
  "httpsEnable": "1",
  "vendor": "FHTT",
  "gponsn": "464854549BDEA7C0",
  "regSuccTime": "",
  "authStatus": "5",
  "isLos": "",
  "fecStatus": "3",
  "loid_reg_state": "0",
  "pon_reg_state": "5",
  "ponBytesSent": "430760808182",
  "ponBytesReceived": "2414689204497",
  "ponPacketsSent": "817557037",
  "ponPacketsReceived": "2112465653",
  "txpower": "2.79",
  "rxpower": "-12.67",
  "supplyvottage": "3.30",
  "biascurrent": "11.09",
  "transceivertemperature": "39.22",
  "WANAccessType": "GPON",
  "SerialNumber": "FHTT9BDEA7C0",
  "loid": "fiberhome",
  "loid_status": "99",
  "loid_result": "99"
}

-----

http://192.168.1.1/cgi-bin/ajax?ajaxmethod=wlanBasicSettings
{
  "sessionid": "1DjJnk5p",
  "session_valid": 1,
  "wifi_status": {
    "X_FH_ChannelWidth": "1",
    "RegulatoryDomain": "PS",
    "Channel": "0",
    "Standard": "ax",
    "RadioEnabled": "0",
    "X_FH_SGI": "4",
    "Enable": "1",
    "X_FH_DTIMperiod": "1",
    "X_FH_ChannelList": "",
    "X_FH_Standard_Ex": "",
    "mimoEnable": "1",
    "ofdmaEnable": "1",
    "twtEnable": "0",
    "bsscolorEnable": "0",
    "bssColorValue": "0",
    "beamformingEnable": "0",
    "airtimefairnesEnable": "",
    "fastromingEnable": "",
    "AutoChannelEnable": "1"
  }
}

-----

http://192.168.1.1/cgi-bin/ajax?ajaxmethod=get_wifi_status
{
  "sessionid": "1DjJnk5p",
  "session_valid": 1,
  "wifi_status": [
    {
      "SSID": "34006DB0041C1799D38B8B436261A918",
      "BeaconType": "11i",
      "BasicAuthenticationMode": "",
      "WPAEncryptionModes": "AESEncryption",
      "TotalBytesSent": "0",
      "TotalBytesReceived": "1024",
      "TotalPacketsReceived": "0",
      "TotalPacketsSent": "0",
      "ConfigActive": "1",
      "Enable": "0",
      "Channel": "0",
      "Standard": "ax",
      "RadioEnabled": "0",
      "X_FH_RxErrorPkts": "0",
      "X_FH_RxDropPkts": "0",
      "X_FH_TxErrorPkts": "0",
      "X_FH_TxDropPkts": "0",
      "BSSID": "",
      "X_FH_SSIDHide": "1",
      "PreSharedKey": "EB647E5AB0DB4E4D5FF1C2A573426CFF",
      "BasicEncryptionModes": "None",
      "WEPKeyIndex": "1",
      "WEPKey1": "4CDC686494673E9650E623366F6FE3E4",
      "WEPKey2": "4CDC686494673E9650E623366F6FE3E4",
      "WEPKey3": "4CDC686494673E9650E623366F6FE3E4",
      "WEPKey4": "4CDC686494673E9650E623366F6FE3E4",
      "channelIsInUse": "",
      "ServiceIP": "0_point_0_point_0_point_0",
      "Port": "0",
      "Key": "ABCD2925987836DC561BE6DC36230C0A",
      "X_FH_WPARekeyInterval": "86400",
      "WMMEnable": "1",
      "X_FH_Standard_Ex": "",
      "isolation_enable": "0",
      "bandsteering_enable": "0",
      "rssi_2g": "-40",
      "rssi_5g": "-70",
      "duration": "0",
      "guestwifi_time": "0000-00-00 00:00:00"
    },
    {
      "SSID": "6412ABF8A288E7EA461019743071C0EA",
      "BeaconType": "11i",
      "BasicAuthenticationMode": "",
      "WPAEncryptionModes": "AESEncryption",
      "TotalBytesSent": "0",
      "TotalBytesReceived": "1024",
      "TotalPacketsReceived": "0",
      "TotalPacketsSent": "0",
      "ConfigActive": "1",
      "Enable": "0",
      "Channel": "0",
      "Standard": "bgn",
      "RadioEnabled": "1",
      "X_FH_RxErrorPkts": "0",
      "X_FH_RxDropPkts": "0",
      "X_FH_TxErrorPkts": "0",
      "X_FH_TxDropPkts": "0",
      "BSSID": "",
      "X_FH_SSIDHide": "1",
      "PreSharedKey": "C61D71BACAE009AC8D4508C69F1731CB",
      "BasicEncryptionModes": "None",
      "WEPKeyIndex": "1",
      "WEPKey1": "4CDC686494673E9650E623366F6FE3E4",
      "WEPKey2": "4CDC686494673E9650E623366F6FE3E4",
      "WEPKey3": "4CDC686494673E9650E623366F6FE3E4",
      "WEPKey4": "4CDC686494673E9650E623366F6FE3E4",
      "channelIsInUse": "",
      "ServiceIP": "0_point_0_point_0_point_0",
      "Port": "0",
      "Key": "ABCD2925987836DC561BE6DC36230C0A",
      "X_FH_WPARekeyInterval": "86400",
      "WMMEnable": "1",
      "X_FH_Standard_Ex": "",
      "isolation_enable": "0",
      "bandsteering_enable": "0",
      "rssi_2g": "-40",
      "rssi_5g": "-70",
      "duration": "0",
      "guestwifi_time": "0000-00-00 00:00:00"
    },
    {
      "SSID": "4BBAADD10764A6BFB14D8D4916BDDCF6C972DAC526E72416E65863A4E897C09F",
      "BeaconType": "11i",
      "BasicAuthenticationMode": "",
      "WPAEncryptionModes": "AESEncryption",
      "TotalBytesSent": "0",
      "TotalBytesReceived": "1024",
      "TotalPacketsReceived": "0",
      "TotalPacketsSent": "0",
      "ConfigActive": "1",
      "Enable": "0",
      "Channel": "0",
      "Standard": "bgn",
      "RadioEnabled": "1",
      "X_FH_RxErrorPkts": "0",
      "X_FH_RxDropPkts": "0",
      "X_FH_TxErrorPkts": "0",
      "X_FH_TxDropPkts": "0",
      "BSSID": "",
      "X_FH_SSIDHide": "1",
      "PreSharedKey": "7825D1334CA07579AC0029ADDFC2C986",
      "BasicEncryptionModes": "None",
      "WEPKeyIndex": "1",
      "WEPKey1": "4CDC686494673E9650E623366F6FE3E4",
      "WEPKey2": "4CDC686494673E9650E623366F6FE3E4",
      "WEPKey3": "4CDC686494673E9650E623366F6FE3E4",
      "WEPKey4": "4CDC686494673E9650E623366F6FE3E4",
      "channelIsInUse": "",
      "ServiceIP": "0_point_0_point_0_point_0",
      "Port": "0",
      "Key": "ABCD2925987836DC561BE6DC36230C0A",
      "X_FH_WPARekeyInterval": "86400",
      "WMMEnable": "1",
      "X_FH_Standard_Ex": "",
      "isolation_enable": "0",
      "bandsteering_enable": "0",
      "rssi_2g": "-40",
      "rssi_5g": "-70",
      "duration": "0",
      "guestwifi_time": "0000-00-00 00:00:00"
    },
    {
      "SSID": "4BBAADD10764A6BFB14D8D4916BDDCF69C104DF1D85EE5B65ACC72FEAB26241A",
      "BeaconType": "11i",
      "BasicAuthenticationMode": "",
      "WPAEncryptionModes": "AESEncryption",
      "TotalBytesSent": "0",
      "TotalBytesReceived": "1024",
      "TotalPacketsReceived": "0",
      "TotalPacketsSent": "0",
      "ConfigActive": "1",
      "Enable": "0",
      "Channel": "0",
      "Standard": "bgn",
      "RadioEnabled": "1",
      "X_FH_RxErrorPkts": "0",
      "X_FH_RxDropPkts": "0",
      "X_FH_TxErrorPkts": "0",
      "X_FH_TxDropPkts": "0",
      "BSSID": "",
      "X_FH_SSIDHide": "1",
      "PreSharedKey": "7825D1334CA07579AC0029ADDFC2C986",
      "BasicEncryptionModes": "None",
      "WEPKeyIndex": "1",
      "WEPKey1": "4CDC686494673E9650E623366F6FE3E4",
      "WEPKey2": "4CDC686494673E9650E623366F6FE3E4",
      "WEPKey3": "4CDC686494673E9650E623366F6FE3E4",
      "WEPKey4": "4CDC686494673E9650E623366F6FE3E4",
      "channelIsInUse": "",
      "ServiceIP": "0_point_0_point_0_point_0",
      "Port": "0",
      "Key": "ABCD2925987836DC561BE6DC36230C0A",
      "X_FH_WPARekeyInterval": "86400",
      "WMMEnable": "1",
      "X_FH_Standard_Ex": "",
      "isolation_enable": "0",
      "bandsteering_enable": "0",
      "rssi_2g": "-40",
      "rssi_5g": "-70",
      "duration": "0",
      "guestwifi_time": "0000-00-00 00:00:00"
    }
  ]
}

-----

http://192.168.1.1/cgi-bin/ajax?ajaxmethod=get_lan_status
{
  "sessionid": "2M45496k",
  "session_valid": 1,
  "lan_status": {
    "lan_port_num": 4,
    "max_lan_host_num": 64,
    "wifi_num_all": 8,
    "ssid_display_num": 8,
    "wifi_5g_enable": 1,
    "data": [
      {
        "MACAddress": "E0:28:6D:9F:C0:1D",
        "IPAddress": "192_point_168_point_1_point_10",
        "DeviceType": "Computer",
        "HostName": "fritz.box",
        "LeaseTimeRemaining": "46569",
        "AddressSource": "DHCP",
        "Layer2Interface": "InternetGatewayDevice.LANDevice.1.LANEthernetInterfaceConfig.2",
        "InterfaceType": "Ethernet",
        "Active": "1",
        "AckTime": "6673876",
        "ClientUpTime": "2156691",
        "IPv6Address": "",
        "AccessType": "Ethernet",
        "ParentMac": "68:58:11:DE:A7:C0",
        "UpSpeed": "5582",
        "DownSpeed": "143605",
        "OperatingStandard": "",
        "Port": "2",
        "Tx_rate": "1000000"
      }
    ]
  }
}

-----

http://192.168.1.1/cgi-bin/ajax?ajaxmethod=get_allwan_info
{
  "sessionid": "fTXiS0tY",
  "session_valid": 1,
  "tr69wan_modify": 0,
  "pon_type": "GPON",
  "lan_port_num": 4,
  "wifi_device": 1,
  "wifi_5g_enable": 1,
  "wan": [
    {
      "wan_index": 1,
      "wan_session_index": 1,
      "iporppp": 2,
      "vlanid": "2383",
      "VLANEnable": "1",
      "p8021": "65535",
      "Enable": "1",
      "Name": "1_INTERNET_R_VID_2383",
      "ConnectionType": "PPPoE_Routed",
      "ServiceList": "INTERNET",
      "IPMode": "1",
      "mtu": "1492",
      "LanInterface": "dev.eth.1,dev.eth.2,dev.eth.3,dev.eth.4,dev.wla.1,dev.wla.2,dev.wla.3,dev.wla.4,dev.wla.5,dev.wla.6,dev.wla.7,dev.wla.8,",
      "AddressingType": "PPPOE",
      "ExternalIPAddress": "199_point_250_point_134_point_64",
      "DNSServers": "82_point_213_point_1_point_239,212_point_14_point_236_point_105",
      "IPv6PrefixDelegationEnabled": "0",
      "IPv6PrefixOrigin": "PrefixDelegation",
      "IPv6Prefix": "",
      "IPv6IPAddressOrigin": "DHCPv6",
      "IPv6IPAddress": "",
      "DefaultIPv6Gateway": "",
      "IPv6DNSServers": "",
      "Dslite_Enable": "0",
      "AftrMode": "0",
      "Aftr": "",
      "ConnectionStatus": "Connected",
      "IPv6ConnStatus": "Unconfigured",
      "MFlag": "0",
      "MACAddress": "68:58:11:DE:A7:C3",
      "Uptime": "6713697",
      "RemoteIPAddress": "10_point_74_point_192_point_250",
      "Username": "22742205@ftth.ps",
      "Password": "57DDCC25E79CAA0456B8B1622914FADB",
      "ConnectionTrigger": "AlwaysOn",
      "IdleDisconnectTime": "0",
      "pppProxyEnable": "0",
      "pppMAXUser": "0",
      "pppToBridge": "Disabled",
      "X_FH_AutoConnection": "0",
      "NATEnabled": "1",
      "LastConnectionError": "ERROR_NONE",
      "PPPoEServiceName": "",
      "IPv6RapidCommitEnable": "0",
      "DNSOverrideEnable": "0",
      "DNSOverrideServer": "82_point_213_point_1_point_239,212_point_14_point_236_point_105",
      "NATType": "0",
      "PassthroughEnable": "0",
      "X_FH_PPPoEStaticEnable": "0",
      "X_FH_PPPoEStaticLanNetmask": "255_point_255_point_255_point_0",
      "X_FH_PPPoEStaticLanIpStart": "192_point_168_point_2_point_2",
      "X_FH_PPPoEStaticLanIpEnd": "192_point_168_point_2_point_254",
      "WAN_url": "InternetGatewayDevice.WANDevice.1.WANConnectionDevice.1.WANPPPConnection.1.",
      "portMapping": [
        {
          "PortMappingEnabled": "1",
          "PortMappingDescription": "FritzVPN1",
          "WanURL": "",
          "PortMappingProtocol": "UDP",
          "RemoteHost": "",
          "ExternalPort": "4500",
          "ExternalPortEndRange": "4500",
          "InternalClient": "192_point_168_point_1_point_10",
          "InternalPort": "4500",
          "X_FH_InternalPortEndRange": "4500",
          "port_mapping_index": 1
        },
        {
          "PortMappingEnabled": "1",
          "PortMappingDescription": "FritzVPN2",
          "WanURL": "",
          "PortMappingProtocol": "UDP",
          "RemoteHost": "",
          "ExternalPort": "500",
          "ExternalPortEndRange": "500",
          "InternalClient": "192_point_168_point_1_point_10",
          "InternalPort": "500",
          "X_FH_InternalPortEndRange": "500",
          "port_mapping_index": 2
        },
        {
          "PortMappingEnabled": "1",
          "PortMappingDescription": "Wireguard",
          "WanURL": "",
          "PortMappingProtocol": "UDP",
          "RemoteHost": "",
          "ExternalPort": "51820",
          "ExternalPortEndRange": "51820",
          "InternalClient": "192_point_168_point_1_point_10",
          "InternalPort": "51820",
          "X_FH_InternalPortEndRange": "51820",
          "port_mapping_index": 3
        }
      ],
      "DMZ": [],
      "ddns": [
        {
          "DDNSCfgEnabled": "1",
          "DDNSProvider": "www.no-ip.com",
          "DDNSUsername": "mkattan@aruba.it",
          "DDNSPassword": "815FBFAC1465CB39EA428EF744F48528",
          "DDNSHostName": "kattans-ps.redirectme.net",
          "DDNSProviderListSupported": "dyndns.org,no-ip.com,3322.org",
          "DDNSDomainName": "",
          "DDNSServerAddress": "",
          "DDNSServerURL": "",
          "DDNSServerProtocol": "",
          "DDNSStatus": "3",
          "ddns_index": 1
        }
      ],
      "nat": [],
      "portTrigger": [],
      "dhcpOption": [],
      "dhcpRequest": []
    },
    {
      "wan_index": 2,
      "wan_session_index": 1,
      "iporppp": 1,
      "vlanid": "126",
      "VLANEnable": "1",
      "p8021": "1",
      "Enable": "1",
      "Name": "2_TR069_R_VID_126",
      "ConnectionType": "IP_Routed",
      "ServiceList": "TR069",
      "IPMode": "1",
      "mtu": "1500",
      "LanInterface": "",
      "AddressingType": "DHCP",
      "ExternalIPAddress": "10_point_83_point_204_point_127",
      "DNSServers": "212_point_14_point_226_point_73,82_point_213_point_1_point_235",
      "IPv6PrefixDelegationEnabled": "0",
      "IPv6PrefixOrigin": "PrefixDelegation",
      "IPv6Prefix": "",
      "IPv6IPAddressOrigin": "DHCPv6",
      "IPv6IPAddress": "",
      "DefaultIPv6Gateway": "",
      "IPv6DNSServers": "",
      "Dslite_Enable": "0",
      "AftrMode": "0",
      "Aftr": "",
      "ConnectionStatus": "Connected",
      "IPv6ConnStatus": "Unconfigured",
      "MFlag": "0",
      "MACAddress": "68:58:11:DE:A7:C1",
      "Uptime": "5198883",
      "SubnetMask": "255_point_255_point_128_point_0",
      "DefaultGateway": "10_point_83_point_128_point_1",
      "NATEnabled": "0",
      "option60_enable": "0",
      "option60_value": "",
      "IPv6RapidCommitEnable": "0",
      "DNSOverrideEnable": "0",
      "DNSOverrideServer": "212_point_14_point_226_point_73,82_point_213_point_1_point_235",
      "NATType": "0",
      "WAN_url": "InternetGatewayDevice.WANDevice.1.WANConnectionDevice.2.WANIPConnection.1.",
      "portMapping": [],
      "DMZ": [],
      "ddns": [],
      "nat": [],
      "portTrigger": [],
      "dhcpOption": [],
      "dhcpRequest": []
    }
  ],
  "wifi_obj_enable": {
    "ConfigActive1": "1", "ssid1": "Kattans",
    "ConfigActive2": "1", "ssid2": "TSC - Admin",
    "ConfigActive3": "1", "ssid3": "Paltel-WiFi-A7C0_ssid3",
    "ConfigActive4": "1", "ssid4": "Paltel-WiFi-A7C0_ssid4",
    "ConfigActive5": "1", "ssid5": "Kattans_5G",
    "ConfigActive6": "1", "ssid6": "TSC - Admin",
    "ConfigActive7": "1", "ssid7": "Paltel-WiFi-A7C0_ssid3_5G",
    "ConfigActive8": "1", "ssid8": "Paltel-WiFi-A7C0_ssid4_5G",
    "ConfigActive9": "0",  "ssid9": "",
    "ConfigActive10": "0", "ssid10": "",
    "ConfigActive11": "0", "ssid11": "",
    "ConfigActive12": "0", "ssid12": "",
    "ConfigActive13": "0", "ssid13": "",
    "ConfigActive14": "0", "ssid14": "",
    "ConfigActive15": "0", "ssid15": "",
    "ConfigActive16": "0", "ssid16": ""
  },
  "wifi_port_num": 8
}

-----

http://192.168.1.1/cgi-bin/ajax?ajaxmethod=getEthernetPorts_info
{
  "sessionid": "fTXiS0tY",
  "session_valid": 1,
  "ethernet_ports_info": {
    "lan_port_num": 4,
    "ethernet_ports_data": [
      {
        "ethernet_ports_index": 1,
        "Status": "NoLink",
        "Enable": "1",
        "X_FH_LinkDuplex": "Full",
        "X_FH_LinkSpeed": "1000M",
        "BytesSent": "0",
        "PacketsSent": "0",
        "BytesReceived": "0",
        "PacketsReceived": "0",
        "ErrorsReceived": "0",
        "DiscardPacketsSent": "0",
        "DiscardPacketsReceived": "0",
        "X_FH_ConnetTime": "0"
      },
      {
        "ethernet_ports_index": 2,
        "Status": "Up",
        "Enable": "1",
        "X_FH_LinkDuplex": "Full",
        "X_FH_LinkSpeed": "1000M",
        "BytesSent": "2384328451340",
        "PacketsSent": "2020276861",
        "BytesReceived": "422396465422",
        "PacketsReceived": "818068228",
        "ErrorsReceived": "0",
        "DiscardPacketsSent": "0",
        "DiscardPacketsReceived": "0",
        "X_FH_ConnetTime": "2156804"
      },
      {
        "ethernet_ports_index": 3,
        "Status": "NoLink",
        "Enable": "1",
        "X_FH_LinkDuplex": "Full",
        "X_FH_LinkSpeed": "1000M",
        "BytesSent": "0",
        "PacketsSent": "0",
        "BytesReceived": "0",
        "PacketsReceived": "0",
        "ErrorsReceived": "0",
        "DiscardPacketsSent": "0",
        "DiscardPacketsReceived": "0",
        "X_FH_ConnetTime": "0"
      },
      {
        "ethernet_ports_index": 4,
        "Status": "NoLink",
        "Enable": "1",
        "X_FH_LinkDuplex": "Full",
        "X_FH_LinkSpeed": "1000M",
        "BytesSent": "0",
        "PacketsSent": "0",
        "BytesReceived": "0",
        "PacketsReceived": "0",
        "ErrorsReceived": "0",
        "DiscardPacketsSent": "0",
        "DiscardPacketsReceived": "0",
        "X_FH_ConnetTime": "0"
      }
    ]
  }
}

-----

http://192.168.1.1/cgi-bin/ajax?ajaxmethod=get_url_filter_info
{
  "sessionid": "fTXiS0tY",
  "session_valid": 1,
  "url_filter_info": {
    "URLFEnable": "0",
    "URLFMode": "black",
    "url_filter_data": []
  }
}
